<?xml version="1.0" encoding="UTF-8"?>
<!-- Generated by org.testng.reporters.JUnitXMLReporter -->
<testsuite ignored="2" hostname="NEXAS" failures="0" tests="1" name="Test(failed)(failed)" time="0.207" errors="0" timestamp="2023-08-28T15:17:38 IST">
  <testcase classname="TestNG.Sample2" name="TC4" time="0.042"/>
  <testcase classname="TestNG.Sample2" name="TC5" time="0.0">
    <ignored/>
  </testcase> <!-- TC5 -->
  <testcase classname="TestNG.Sample2" name="TC6" time="0.0">
    <ignored/>
  </testcase> <!-- TC6 -->
</testsuite> <!-- Test(failed)(failed) -->
