<?xml version="1.0" encoding="UTF-8"?>
<!-- Generated by org.testng.reporters.JUnitXMLReporter -->
<testsuite ignored="2" hostname="NEXAS" failures="0" tests="1" name="Test" time="0.105" errors="0" timestamp="2023-08-23T15:09:03 IST">
  <testcase classname="TestNG.Sample1" name="TC3" time="0.018"/>
  <testcase classname="TestNG.Sample1" name="TC2" time="0.0">
    <ignored/>
  </testcase> <!-- TC2 -->
  <testcase classname="TestNG.Sample1" name="TC1" time="0.0">
    <ignored/>
  </testcase> <!-- TC1 -->
</testsuite> <!-- Test -->
