<?xml version="1.0" encoding="UTF-8"?>
<testng-results ignored="0" total="1" passed="1" failed="0" skipped="0">
  <reporter-output>
    <line>
      <![CDATA[running TC3]]>
    </line>
  </reporter-output>
  <suite started-at="2023-08-23T15:09:03 IST" name="Suite" finished-at="2023-08-23T15:09:03 IST" duration-ms="105">
    <groups>
    </groups>
    <test started-at="2023-08-23T15:09:03 IST" name="Test" finished-at="2023-08-23T15:09:03 IST" duration-ms="105">
      <class name="TestNG.Sample1">
        <test-method signature="TC3()[pri:0, instance:TestNG.Sample1@548d708a]" started-at="2023-08-23T15:09:03 IST" name="TC3" finished-at="2023-08-23T15:09:03 IST" duration-ms="18" status="PASS">
          <reporter-output>
            <line>
              <![CDATA[running TC3]]>
            </line>
          </reporter-output>
        </test-method> <!-- TC3 -->
      </class> <!-- TestNG.Sample1 -->
    </test> <!-- Test -->
  </suite> <!-- Suite -->
</testng-results>
