<?xml version="1.0" encoding="UTF-8"?>
<testng-results ignored="0" total="1" passed="0" failed="1" skipped="0">
  <reporter-output>
  </reporter-output>
  <suite started-at="2023-08-30T13:40:24 IST" name="Default suite" finished-at="2023-08-30T13:41:02 IST" duration-ms="38074">
    <groups>
    </groups>
    <test started-at="2023-08-30T13:40:24 IST" name="Default test" finished-at="2023-08-30T13:41:02 IST" duration-ms="38074">
      <class name="POM_DDF_TestNG_BaseClass_UtilityClass_PropertyFile_FailedTCases.PBLogin_TestNg_Test1">
        <test-method is-config="true" signature="OPenBrowser()[pri:0, instance:POM_DDF_TestNG_BaseClass_UtilityClass_PropertyFile_FailedTCases.PBLogin_TestNg_Test1@4082ba93]" started-at="2023-08-30T13:40:24 IST" name="OPenBrowser" finished-at="2023-08-30T13:40:40 IST" duration-ms="15811" status="PASS">
          <reporter-output>
          </reporter-output>
        </test-method> <!-- OPenBrowser -->
        <test-method is-config="true" signature="loginToApp()[pri:0, instance:POM_DDF_TestNG_BaseClass_UtilityClass_PropertyFile_FailedTCases.PBLogin_TestNg_Test1@4082ba93]" started-at="2023-08-30T13:40:40 IST" name="loginToApp" finished-at="2023-08-30T13:40:49 IST" duration-ms="8622" status="PASS">
          <reporter-output>
          </reporter-output>
        </test-method> <!-- loginToApp -->
        <test-method signature="VerifyFullname()[pri:0, instance:POM_DDF_TestNG_BaseClass_UtilityClass_PropertyFile_FailedTCases.PBLogin_TestNg_Test1@4082ba93]" started-at="2023-08-30T13:40:49 IST" name="VerifyFullname" finished-at="2023-08-30T13:40:57 IST" duration-ms="8843" status="FAIL">
          <exception class="java.lang.NullPointerException">
            <message>
              <![CDATA[Cannot invoke "org.apache.poi.ss.usermodel.Cell.getStringCellValue()" because the return value of "org.apache.poi.ss.usermodel.Row.getCell(int)" is null]]>
            </message>
            <full-stacktrace>
              <![CDATA[java.lang.NullPointerException: Cannot invoke "org.apache.poi.ss.usermodel.Cell.getStringCellValue()" because the return value of "org.apache.poi.ss.usermodel.Row.getCell(int)" is null
at POM_DDF_TestNG_BaseClass_UtilityClass_PropertyFile_FailedTCases.UtilityClass.getTestData(UtilityClass.java:26)
at POM_DDF_TestNG_BaseClass_UtilityClass_PropertyFile_FailedTCases.PBLogin_TestNg_Test1.VerifyFullname(PBLogin_TestNg_Test1.java:83)
at java.base/jdk.internal.reflect.NativeMethodAccessorImpl.invoke0(Native Method)
at java.base/jdk.internal.reflect.NativeMethodAccessorImpl.invoke(NativeMethodAccessorImpl.java:77)
at java.base/jdk.internal.reflect.DelegatingMethodAccessorImpl.invoke(DelegatingMethodAccessorImpl.java:43)
at java.base/java.lang.reflect.Method.invoke(Method.java:568)
at org.testng.internal.invokers.MethodInvocationHelper.invokeMethod(MethodInvocationHelper.java:139)
at org.testng.internal.invokers.TestInvoker.invokeMethod(TestInvoker.java:664)
at org.testng.internal.invokers.TestInvoker.invokeTestMethod(TestInvoker.java:227)
at org.testng.internal.invokers.MethodRunner.runInSequence(MethodRunner.java:50)
at org.testng.internal.invokers.TestInvoker$MethodInvocationAgent.invoke(TestInvoker.java:957)
at org.testng.internal.invokers.TestInvoker.invokeTestMethods(TestInvoker.java:200)
at org.testng.internal.invokers.TestMethodWorker.invokeTestMethods(TestMethodWorker.java:148)
at org.testng.internal.invokers.TestMethodWorker.run(TestMethodWorker.java:128)
at java.base/java.util.ArrayList.forEach(ArrayList.java:1511)
at org.testng.TestRunner.privateRun(TestRunner.java:848)
at org.testng.TestRunner.run(TestRunner.java:621)
at org.testng.SuiteRunner.runTest(SuiteRunner.java:443)
at org.testng.SuiteRunner.runSequentially(SuiteRunner.java:437)
at org.testng.SuiteRunner.privateRun(SuiteRunner.java:397)
at org.testng.SuiteRunner.run(SuiteRunner.java:336)
at org.testng.SuiteRunnerWorker.runSuite(SuiteRunnerWorker.java:52)
at org.testng.SuiteRunnerWorker.run(SuiteRunnerWorker.java:95)
at org.testng.TestNG.runSuitesSequentially(TestNG.java:1280)
at org.testng.TestNG.runSuitesLocally(TestNG.java:1200)
at org.testng.TestNG.runSuites(TestNG.java:1114)
at org.testng.TestNG.run(TestNG.java:1082)
at org.testng.remote.AbstractRemoteTestNG.run(AbstractRemoteTestNG.java:115)
at org.testng.remote.RemoteTestNG.initAndRun(RemoteTestNG.java:251)
at org.testng.remote.RemoteTestNG.main(RemoteTestNG.java:77)
]]>
            </full-stacktrace>
          </exception> <!-- java.lang.NullPointerException -->
          <reporter-output>
          </reporter-output>
        </test-method> <!-- VerifyFullname -->
        <test-method is-config="true" signature="logout(org.testng.ITestResult)[pri:0, instance:POM_DDF_TestNG_BaseClass_UtilityClass_PropertyFile_FailedTCases.PBLogin_TestNg_Test1@4082ba93]" started-at="2023-08-30T13:40:57 IST" name="logout" finished-at="2023-08-30T13:41:02 IST" duration-ms="4638" status="PASS">
          <params>
            <param index="0">
              <value>
                <![CDATA[[TestResult name=VerifyFullname status=FAILURE method=PBLogin_TestNg_Test1.VerifyFullname()[pri:0, instance:POM_DDF_TestNG_BaseClass_UtilityClass_PropertyFile_FailedTCases.PBLogin_TestNg_Test1@4082ba93] output={null}]]]>
              </value>
            </param>
          </params>
          <reporter-output>
          </reporter-output>
        </test-method> <!-- logout -->
        <test-method is-config="true" signature="closebrowser()[pri:0, instance:POM_DDF_TestNG_BaseClass_UtilityClass_PropertyFile_FailedTCases.PBLogin_TestNg_Test1@4082ba93]" started-at="2023-08-30T13:41:02 IST" name="closebrowser" finished-at="2023-08-30T13:41:02 IST" duration-ms="81" status="PASS">
          <reporter-output>
          </reporter-output>
        </test-method> <!-- closebrowser -->
      </class> <!-- POM_DDF_TestNG_BaseClass_UtilityClass_PropertyFile_FailedTCases.PBLogin_TestNg_Test1 -->
    </test> <!-- Default test -->
  </suite> <!-- Default suite -->
</testng-results>
